may 30, 2026 1:02:08 P. M. es.etg.dam.videojuego.util.LogUtil escribirLog
INFORMACIÓN: Servidor escuchando en el puerto 8888
may 30, 2026 1:02:08 P. M. es.etg.dam.videojuego.util.LogUtil escribirLog
INFORMACIÓN: Esperando jugadores...
may 30, 2026 1:02:34 P. M. es.etg.dam.videojuego.util.LogUtil escribirLog
INFORMACIÓN: Jugador conectado: Pepe
may 30, 2026 1:02:49 P. M. es.etg.dam.videojuego.util.LogUtil escribirLog
INFORMACIÓN: Jugador conectado: Anas
may 30, 2026 1:02:49 P. M. es.etg.dam.videojuego.util.LogUtil escribirLog
INFORMACIÓN: Esperando jugadores...
may 30, 2026 1:10:02 P. M. es.etg.dam.videojuego.util.LogUtil escribirLog
INFORMACIÓN: Servidor escuchando en el puerto 8888
may 30, 2026 1:10:02 P. M. es.etg.dam.videojuego.util.LogUtil escribirLog
INFORMACIÓN: Esperando jugadores...
may 30, 2026 1:10:11 P. M. es.etg.dam.videojuego.util.LogUtil escribirLog
INFORMACIÓN: Jugador conectado: Pepe
may 30, 2026 1:10:19 P. M. es.etg.dam.videojuego.util.LogUtil escribirLog
INFORMACIÓN: Jugador conectado: Anas
may 30, 2026 1:10:19 P. M. es.etg.dam.videojuego.util.LogUtil escribirLog
INFORMACIÓN: Esperando jugadores...
